SF:lib/main.dart
DA:6,0
DA:7,0
DA:8,0
DA:9,0
DA:18,2
DA:20,0
DA:21,0
DA:22,0
DA:27,1
DA:29,1
DA:31,1
DA:32,1
DA:33,1
DA:35,1
DA:36,1
DA:37,1
DA:38,1
DA:39,1
DA:40,1
DA:41,1
DA:42,2
DA:44,1
DA:45,1
LF:23
LH:16
end_of_record
SF:lib/screens/home_screen.dart
DA:9,1
DA:11,1
DA:12,1
DA:16,1
DA:18,3
DA:20,1
DA:21,1
DA:22,1
DA:23,1
DA:29,1
DA:30,1
DA:32,1
DA:35,1
DA:36,0
DA:37,0
DA:39,0
DA:49,1
DA:50,1
DA:52,1
DA:54,1
DA:56,1
DA:57,1
DA:59,1
DA:61,1
DA:62,1
DA:69,1
DA:82,1
DA:89,1
DA:95,1
DA:96,1
DA:100,0
DA:103,1
DA:107,0
DA:110,1
DA:114,0
DA:117,1
DA:121,0
DA:129,1
DA:136,1
DA:143,1
DA:150,1
DA:164,1
DA:171,3
DA:173,1
DA:174,1
DA:175,1
DA:178,1
DA:179,1
DA:180,1
DA:182,1
DA:183,1
DA:184,3
DA:188,1
DA:190,1
DA:192,1
DA:193,1
DA:195,1
DA:196,1
DA:217,1
DA:223,3
DA:225,1
DA:226,1
DA:228,1
DA:229,1
DA:230,1
DA:232,1
DA:233,1
DA:235,1
DA:236,1
DA:243,1
LF:70
LH:63
end_of_record
SF:lib/screens/main_navigation_screen.dart
DA:11,1
DA:13,1
DA:14,1
DA:26,1
DA:28,1
DA:29,1
DA:30,1
DA:31,3
DA:32,1
DA:35,1
DA:36,1
DA:37,1
DA:38,2
DA:39,1
DA:58,1
DA:69,1
DA:71,3
DA:73,1
DA:74,1
DA:75,1
DA:77,1
DA:78,1
DA:79,1
DA:80,1
DA:81,1
DA:83,1
DA:85,1
DA:86,1
DA:88,1
DA:94,1
DA:95,3
DA:102,1
DA:103,2
DA:104,3
DA:117,1
DA:119,1
DA:121,3
DA:123,1
DA:124,1
DA:127,1
DA:128,1
DA:130,1
DA:134,1
DA:136,0
DA:137,0
DA:139,0
DA:148,1
DA:150,1
DA:151,1
DA:152,1
DA:154,1
DA:156,1
DA:157,1
DA:159,3
DA:163,1
DA:170,1
DA:181,1
DA:185,0
DA:188,1
DA:192,0
DA:195,1
DA:199,0
DA:200,0
DA:202,0
DA:203,0
DA:214,1
DA:226,1
DA:228,3
DA:230,1
DA:232,1
DA:233,1
DA:234,1
DA:235,1
DA:237,2
DA:238,1
DA:239,1
DA:244,1
DA:245,1
DA:251,1
LF:79
LH:70
end_of_record
SF:lib/screens/settings_screen.dart
DA:8,1
DA:10,1
DA:11,1
DA:20,1
DA:22,1
DA:24,1
DA:27,1
DA:29,3
DA:31,1
DA:32,1
DA:33,1
DA:34,1
DA:40,1
DA:44,1
DA:47,0
DA:51,1
DA:52,1
DA:54,1
DA:56,1
DA:58,1
DA:65,1
DA:66,1
DA:68,1
DA:69,1
DA:70,1
DA:72,1
DA:82,1
DA:84,1
DA:94,1
DA:96,1
DA:111,1
DA:118,1
DA:119,1
DA:121,1
DA:122,1
DA:123,1
DA:125,1
DA:130,1
DA:131,0
DA:132,0
DA:137,1
DA:139,1
DA:144,1
DA:145,0
DA:146,0
DA:151,1
DA:153,1
DA:157,1
DA:158,0
DA:159,0
DA:170,1
DA:177,1
DA:178,1
DA:180,1
DA:182,1
DA:183,1
DA:190,1
DA:197,1
DA:204,1
DA:206,1
DA:207,1
DA:208,1
DA:209,1
DA:228,1
DA:235,3
DA:236,2
DA:238,1
DA:239,1
DA:242,1
DA:243,1
DA:245,4
DA:246,1
DA:248,1
DA:250,1
DA:254,1
DA:256,1
DA:264,1
DA:270,1
DA:276,1
DA:287,1
DA:294,3
DA:296,1
DA:297,1
DA:301,1
DA:307,1
DA:318,1
DA:319,1
DA:324,1
DA:325,1
DA:326,1
DA:327,1
DA:329,1
DA:331,1
LF:93
LH:86
end_of_record
SF:lib/screens/auth_entry_screen.dart
DA:6,1
DA:8,1
DA:9,1
DA:11,2
DA:15,1
DA:23,1
DA:26,1
DA:29,1
DA:31,1
DA:34,1
DA:38,1
DA:39,1
DA:40,1
DA:44,1
DA:46,1
DA:47,2
DA:49,1
DA:50,1
DA:51,1
DA:52,1
DA:55,1
DA:56,3
DA:57,3
DA:58,2
DA:63,1
DA:64,1
DA:65,2
DA:66,1
DA:67,2
DA:68,1
DA:73,1
DA:75,1
DA:76,1
DA:77,1
DA:79,1
DA:80,3
DA:83,1
DA:86,2
DA:91,1
DA:93,1
DA:95,3
DA:101,1
DA:103,3
DA:111,1
DA:114,1
DA:115,2
DA:116,1
DA:117,1
DA:118,1
DA:119,1
DA:127,1
DA:129,1
DA:130,1
DA:132,3
DA:137,1
DA:139,3
DA:146,1
DA:151,2
DA:155,1
DA:160,0
DA:164,1
DA:165,1
DA:169,1
DA:172,3
LF:64
LH:63
end_of_record
SF:lib/theme/theme.dart
DA:6,1
DA:7,1
DA:12,1
DA:22,1
DA:23,1
DA:28,1
DA:29,1
DA:33,1
DA:34,1
DA:39,1
DA:40,1
DA:44,1
DA:47,1
DA:48,1
DA:51,1
DA:52,1
DA:55,1
DA:56,1
DA:62,1
DA:65,1
DA:66,1
DA:69,1
DA:82,1
DA:83,1
DA:88,1
DA:98,1
DA:99,1
DA:104,1
DA:105,1
DA:109,1
DA:110,1
DA:115,1
DA:116,1
DA:120,1
DA:123,1
DA:124,1
DA:127,1
DA:128,1
DA:131,1
DA:132,1
DA:138,1
DA:141,1
DA:142,1
DA:145,1
LF:44
LH:44
end_of_record
